/scratch/project_2006567/miniconda3/envs/quast/bin/quast.py -t 4 --contig-thresholds 0,1000,2000,2500,5000,10000,25000,50000 --min-identity 90.0 montagens/ERR1713356/final.contigs.fa montagens/ERR2683233/final.contigs.fa montagens/ERR4998600/final.contigs.fa montagens/ERR4998601/final.contigs.fa -o /scratch/project_2006567/student381/montagens_CQ --labels "ERR1713356_final.contigs, ERR2683233_final.contigs, ERR4998600_final.contigs, ERR4998601_final.contigs"

Version: 5.2.0

System information:
  OS: Linux-4.18.0-372.26.1.el8_6.x86_64-x86_64-with-glibc2.28 (linux_64)
  Python version: 3.10.6
  CPUs number: 40

Started: 2022-11-10 13:33:19

Logging to /scratch/project_2006567/student381/montagens_CQ/quast.log
NOTICE: Output directory already exists and looks like a QUAST output dir. Existing results can be reused (e.g. previously generated alignments)!

CWD: /scratch/project_2006567/student381
Main parameters: 
  MODE: meta, threads: 4, min contig length: 500, min alignment length: 65, min alignment IDY: 90.0, \
  ambiguity: one, min local misassembly length: 200, min extensive misassembly length: 1000

Contigs:
  Pre-processing...
  1  montagens/ERR1713356/final.contigs.fa ==> ERR1713356_final.contigs
  2  montagens/ERR2683233/final.contigs.fa ==> ERR2683233_final.contigs
  3  montagens/ERR4998600/final.contigs.fa ==> ERR4998600_final.contigs
  4  montagens/ERR4998601/final.contigs.fa ==> ERR4998601_final.contigs

2022-11-10 13:33:21
Running Basic statistics processor...
  Contig files: 
    1  ERR1713356_final.contigs
    2  ERR2683233_final.contigs
    3  ERR4998600_final.contigs
    4  ERR4998601_final.contigs
  Calculating N50 and L50...
    1  ERR1713356_final.contigs, N50 = 2290, L50 = 10413, auN = 5126.1, Total length = 97005171, GC % = 48.18, # N's per 100 kbp =  0.00
    2  ERR2683233_final.contigs, N50 = 2446, L50 = 7423, auN = 5628.4, Total length = 79300180, GC % = 51.52, # N's per 100 kbp =  0.00
    3  ERR4998600_final.contigs, N50 = 2544, L50 = 8030, auN = 16709.2, Total length = 99850528, GC % = 62.87, # N's per 100 kbp =  0.00
    4  ERR4998601_final.contigs, N50 = 1711, L50 = 6731, auN = 6192.1, Total length = 48420952, GC % = 63.22, # N's per 100 kbp =  0.00
  Drawing Nx plot...
    saved to /scratch/project_2006567/student381/montagens_CQ/basic_stats/Nx_plot.pdf
  Drawing cumulative plot...
    saved to /scratch/project_2006567/student381/montagens_CQ/basic_stats/cumulative_plot.pdf
  Drawing GC content plot...
    saved to /scratch/project_2006567/student381/montagens_CQ/basic_stats/GC_content_plot.pdf
  Drawing ERR1713356_final.contigs GC content plot...
    saved to /scratch/project_2006567/student381/montagens_CQ/basic_stats/ERR1713356_final.contigs_GC_content_plot.pdf
  Drawing ERR2683233_final.contigs GC content plot...
    saved to /scratch/project_2006567/student381/montagens_CQ/basic_stats/ERR2683233_final.contigs_GC_content_plot.pdf
  Drawing ERR4998600_final.contigs GC content plot...
    saved to /scratch/project_2006567/student381/montagens_CQ/basic_stats/ERR4998600_final.contigs_GC_content_plot.pdf
  Drawing ERR4998601_final.contigs GC content plot...
    saved to /scratch/project_2006567/student381/montagens_CQ/basic_stats/ERR4998601_final.contigs_GC_content_plot.pdf
Done.

NOTICE: Genes are not predicted by default. Use --gene-finding or --glimmer option to enable it.

2022-11-10 13:33:36
Creating large visual summaries...
This may take a while: press Ctrl-C to skip this step..
  1 of 2: Creating PDF with all tables and plots...
  2 of 2: Creating Icarus viewers...
Done

2022-11-10 13:33:40
RESULTS:
  Text versions of total report are saved to /scratch/project_2006567/student381/montagens_CQ/report.txt, report.tsv, and report.tex
  Text versions of transposed total report are saved to /scratch/project_2006567/student381/montagens_CQ/transposed_report.txt, transposed_report.tsv, and transposed_report.tex
  HTML version (interactive tables and plots) is saved to /scratch/project_2006567/student381/montagens_CQ/report.html
  PDF version (tables and plots) is saved to /scratch/project_2006567/student381/montagens_CQ/report.pdf
  Icarus (contig browser) is saved to /scratch/project_2006567/student381/montagens_CQ/icarus.html
  Log is saved to /scratch/project_2006567/student381/montagens_CQ/quast.log

Finished: 2022-11-10 13:33:40
Elapsed time: 0:00:20.908502
NOTICEs: 2; WARNINGs: 0; non-fatal ERRORs: 0

Thank you for using QUAST!
